2013/07/29 02:32:52 [error] [system.db.CDbCommand] CDbCommand::fetchAll() failed: SQLSTATE[42S02]: Base table or view not found: 1146 Table '1life.articles' doesn't exist. The SQL statement executed was: SHOW FULL COLUMNS FROM `articles`.
in E:\Company_project\1life\admin\index.php (13)
2013/07/29 02:32:55 [error] [system.db.CDbCommand] CDbCommand::fetchAll() failed: SQLSTATE[42S02]: Base table or view not found: 1146 Table '1life.articles' doesn't exist. The SQL statement executed was: SHOW FULL COLUMNS FROM `articles`.
in E:\Company_project\1life\admin\index.php (13)
2013/07/29 02:43:01 [error] [exception.CException] exception 'CException' with message 'Alias "system.rx.Articles" is invalid. Make sure it points to an existing PHP file and the file is readable.' in E:\Company_project\1life\lib\YiiBase.php:316
Stack trace:
#0 E:\Company_project\1life\lib\gii\generators\crud\CrudCode.php(59): YiiBase::import('system.rx.Artic...', true)
#1 E:\Company_project\1life\lib\validators\CInlineValidator.php(42): CrudCode->validateModel('model', Array)
#2 E:\Company_project\1life\lib\validators\CValidator.php(213): CInlineValidator->validateAttribute(Object(CrudCode), 'model')
#3 E:\Company_project\1life\lib\base\CModel.php(159): CValidator->validate(Object(CrudCode), NULL)
#4 E:\Company_project\1life\lib\gii\CCodeGenerator.php(159): CModel->validate()
#5 E:\Company_project\1life\lib\gii\CCodeGenerator.php(63): CCodeGenerator->prepare()
#6 E:\Company_project\1life\lib\web\actions\CInlineAction.php(49): CCodeGenerator->actionIndex()
#7 E:\Company_project\1life\lib\web\CController.php(308): CInlineAction->runWithParams(Array)
#8 E:\Company_project\1life\lib\web\CController.php(286): CController->runAction(Object(CInlineAction))
#9 E:\Company_project\1life\lib\web\CController.php(265): CController->runActionWithFilters(Object(CInlineAction), Array)
#10 E:\Company_project\1life\lib\web\CWebApplication.php(282): CController->run('')
#11 E:\Company_project\1life\lib\web\CWebApplication.php(141): CWebApplication->runController('gii/crud')
#12 E:\Company_project\1life\lib\base\CApplication.php(169): CWebApplication->processRequest()
#13 E:\Company_project\1life\admin\index.php(13): CApplication->run()
#14 {main}
REQUEST_URI=/index.php?r=gii/crud
HTTP_REFERER=http://admin.1life.com/index.php?r=gii/crud
---
2013/07/29 02:51:12 [error] [exception.CException] exception 'CException' with message 'SiteController cannot find the requested view "menu_tree".' in E:\Company_project\1life\lib\web\CController.php:878
Stack trace:
#0 E:\Company_project\1life\admin\protected\views\layouts\main.php(44): CController->renderPartial('menu_tree', NULL, true)
#1 E:\Company_project\1life\lib\web\CBaseController.php(126): require('E:\Company_proj...')
#2 E:\Company_project\1life\lib\web\CBaseController.php(95): CBaseController->renderInternal('E:\Company_proj...', Array, true)
#3 E:\Company_project\1life\lib\web\widgets\CContentDecorator.php(76): CBaseController->renderFile('E:\Company_proj...', Array, true)
#4 E:\Company_project\1life\lib\web\widgets\CContentDecorator.php(54): CContentDecorator->decorate('<div id="conten...')
#5 E:\Company_project\1life\lib\web\widgets\COutputProcessor.php(44): CContentDecorator->processOutput('<div id="conten...')
#6 E:\Company_project\1life\lib\web\CBaseController.php(206): COutputProcessor->run()
#7 E:\Company_project\1life\lib\web\CBaseController.php(300): CBaseController->endWidget('CContentDecorat...')
#8 E:\Company_project\1life\admin\protected\views\layouts\column1.php(6): CBaseController->endContent()
#9 E:\Company_project\1life\lib\web\CBaseController.php(126): require('E:\Company_proj...')
#10 E:\Company_project\1life\lib\web\CBaseController.php(95): CBaseController->renderInternal('E:\Company_proj...', Array, true)
#11 E:\Company_project\1life\lib\web\CController.php(784): CBaseController->renderFile('E:\Company_proj...', Array, true)
#12 E:\Company_project\1life\admin\protected\controllers\SiteController.php(32): CController->render('index')
#13 E:\Company_project\1life\lib\web\actions\CInlineAction.php(49): SiteController->actionIndex()
#14 E:\Company_project\1life\lib\web\CController.php(308): CInlineAction->runWithParams(Array)
#15 E:\Company_project\1life\lib\web\CController.php(286): CController->runAction(Object(CInlineAction))
#16 E:\Company_project\1life\lib\web\CController.php(265): CController->runActionWithFilters(Object(CInlineAction), Array)
#17 E:\Company_project\1life\lib\web\CWebApplication.php(282): CController->run('')
#18 E:\Company_project\1life\lib\web\CWebApplication.php(141): CWebApplication->runController('')
#19 E:\Company_project\1life\lib\base\CApplication.php(169): CWebApplication->processRequest()
#20 E:\Company_project\1life\admin\index.php(13): CApplication->run()
#21 {main}
REQUEST_URI=/
---
2013/07/29 02:52:15 [error] [exception.CException] exception 'CException' with message 'Alias "admin.AdminModule" is invalid. Make sure it points to an existing PHP file and the file is readable.' in E:\Company_project\1life\lib\YiiBase.php:316
Stack trace:
#0 E:\Company_project\1life\lib\YiiBase.php(196): YiiBase::import('admin.AdminModu...', true)
#1 E:\Company_project\1life\lib\base\CModule.php(282): YiiBase::createComponent('admin.AdminModu...', 'admin', NULL, Array)
#2 E:\Company_project\1life\lib\web\CWebApplication.php(337): CModule->getModule('admin')
#3 E:\Company_project\1life\lib\web\CWebApplication.php(276): CWebApplication->createController('admin/default/c...')
#4 E:\Company_project\1life\lib\web\CWebApplication.php(141): CWebApplication->runController('admin/default/c...')
#5 E:\Company_project\1life\lib\base\CApplication.php(169): CWebApplication->processRequest()
#6 E:\Company_project\1life\admin\index.php(13): CApplication->run()
#7 {main}
REQUEST_URI=/index.php?r=admin/default/create&target=dialog
HTTP_REFERER=http://admin.1life.com/index.php?r=site/page&view=about
---
2013/07/29 02:56:04 [error] [exception.CException] exception 'CException' with message 'Alias "admin.AdminModule" is invalid. Make sure it points to an existing PHP file and the file is readable.' in E:\Company_project\1life\lib\YiiBase.php:316
Stack trace:
#0 E:\Company_project\1life\lib\YiiBase.php(196): YiiBase::import('admin.AdminModu...', true)
#1 E:\Company_project\1life\lib\base\CModule.php(282): YiiBase::createComponent('admin.AdminModu...', 'admin', NULL, Array)
#2 E:\Company_project\1life\lib\web\CWebApplication.php(337): CModule->getModule('admin')
#3 E:\Company_project\1life\lib\web\CWebApplication.php(276): CWebApplication->createController('admin/default/c...')
#4 E:\Company_project\1life\lib\web\CWebApplication.php(141): CWebApplication->runController('admin/default/c...')
#5 E:\Company_project\1life\lib\base\CApplication.php(169): CWebApplication->processRequest()
#6 E:\Company_project\1life\admin\index.php(13): CApplication->run()
#7 {main}
REQUEST_URI=/index.php?r=admin/default/create&target=dialog
HTTP_REFERER=http://admin.1life.com/index.php?r=site/page&view=about
---
2013/07/29 02:56:38 [error] [exception.CException] exception 'CException' with message 'Alias "admin.AdminModule" is invalid. Make sure it points to an existing PHP file and the file is readable.' in E:\Company_project\1life\lib\YiiBase.php:316
Stack trace:
#0 E:\Company_project\1life\lib\YiiBase.php(196): YiiBase::import('admin.AdminModu...', true)
#1 E:\Company_project\1life\lib\base\CModule.php(282): YiiBase::createComponent('admin.AdminModu...', 'admin', NULL, Array)
#2 E:\Company_project\1life\lib\web\CWebApplication.php(337): CModule->getModule('admin')
#3 E:\Company_project\1life\lib\web\CWebApplication.php(276): CWebApplication->createController('admin/articles/...')
#4 E:\Company_project\1life\lib\web\CWebApplication.php(141): CWebApplication->runController('admin/articles/...')
#5 E:\Company_project\1life\lib\base\CApplication.php(169): CWebApplication->processRequest()
#6 E:\Company_project\1life\admin\index.php(13): CApplication->run()
#7 {main}
REQUEST_URI=/index.php?r=admin/articles/create&target=dialog
HTTP_REFERER=http://admin.1life.com/index.php?r=site/page&view=about
---
2013/07/29 02:59:13 [error] [exception.CException] exception 'CException' with message 'Alias "admin.AdminModule" is invalid. Make sure it points to an existing PHP file and the file is readable.' in E:\Company_project\1life\lib\YiiBase.php:316
Stack trace:
#0 E:\Company_project\1life\lib\YiiBase.php(196): YiiBase::import('admin.AdminModu...', true)
#1 E:\Company_project\1life\lib\base\CModule.php(282): YiiBase::createComponent('admin.AdminModu...', 'admin', NULL, Array)
#2 E:\Company_project\1life\lib\web\CWebApplication.php(337): CModule->getModule('admin')
#3 E:\Company_project\1life\lib\web\CWebApplication.php(276): CWebApplication->createController('admin/articles/...')
#4 E:\Company_project\1life\lib\web\CWebApplication.php(141): CWebApplication->runController('admin/articles/...')
#5 E:\Company_project\1life\lib\base\CApplication.php(169): CWebApplication->processRequest()
#6 E:\Company_project\1life\admin\index.php(13): CApplication->run()
#7 {main}
REQUEST_URI=/index.php?r=admin/articles/index&target=navTab
HTTP_REFERER=http://admin.1life.com/index.php?r=site/page&view=about
---
2013/07/29 03:00:25 [error] [exception.CException] exception 'CException' with message 'Alias "admin.AdminModule" is invalid. Make sure it points to an existing PHP file and the file is readable.' in E:\Company_project\1life\lib\YiiBase.php:316
Stack trace:
#0 E:\Company_project\1life\lib\YiiBase.php(196): YiiBase::import('admin.AdminModu...', true)
#1 E:\Company_project\1life\lib\base\CModule.php(282): YiiBase::createComponent('admin.AdminModu...', 'admin', NULL, Array)
#2 E:\Company_project\1life\lib\web\CWebApplication.php(337): CModule->getModule('admin')
#3 E:\Company_project\1life\lib\web\CWebApplication.php(276): CWebApplication->createController('admin/articles/...')
#4 E:\Company_project\1life\lib\web\CWebApplication.php(141): CWebApplication->runController('admin/articles/...')
#5 E:\Company_project\1life\lib\base\CApplication.php(169): CWebApplication->processRequest()
#6 E:\Company_project\1life\admin\index.php(13): CApplication->run()
#7 {main}
REQUEST_URI=/index.php?r=admin/articles/index&target=navTab
HTTP_REFERER=http://admin.1life.com/index.php?r=site/page&view=about
---
2013/07/29 03:00:46 [error] [exception.CException] exception 'CException' with message 'Alias "admin.AdminModule" is invalid. Make sure it points to an existing PHP file and the file is readable.' in E:\Company_project\1life\lib\YiiBase.php:316
Stack trace:
#0 E:\Company_project\1life\lib\YiiBase.php(196): YiiBase::import('admin.AdminModu...', true)
#1 E:\Company_project\1life\lib\base\CModule.php(282): YiiBase::createComponent('admin.AdminModu...', 'admin', NULL, Array)
#2 E:\Company_project\1life\lib\web\CWebApplication.php(337): CModule->getModule('admin')
#3 E:\Company_project\1life\lib\web\CWebApplication.php(276): CWebApplication->createController('admin/articles/...')
#4 E:\Company_project\1life\lib\web\CWebApplication.php(141): CWebApplication->runController('admin/articles/...')
#5 E:\Company_project\1life\lib\base\CApplication.php(169): CWebApplication->processRequest()
#6 E:\Company_project\1life\admin\index.php(13): CApplication->run()
#7 {main}
REQUEST_URI=/index.php?r=admin/articles/index&target=navTab
HTTP_REFERER=http://admin.1life.com/index.php?r=site/page&view=about
---
2013/07/29 03:02:29 [error] [exception.CException] exception 'CException' with message 'Alias "admin.AdminModule" is invalid. Make sure it points to an existing PHP file and the file is readable.' in E:\Company_project\1life\lib\YiiBase.php:316
Stack trace:
#0 E:\Company_project\1life\lib\YiiBase.php(196): YiiBase::import('admin.AdminModu...', true)
#1 E:\Company_project\1life\lib\base\CModule.php(282): YiiBase::createComponent('admin.AdminModu...', 'admin', NULL, Array)
#2 E:\Company_project\1life\lib\web\CWebApplication.php(337): CModule->getModule('admin')
#3 E:\Company_project\1life\lib\web\CWebApplication.php(276): CWebApplication->createController('admin/articles/...')
#4 E:\Company_project\1life\lib\web\CWebApplication.php(141): CWebApplication->runController('admin/articles/...')
#5 E:\Company_project\1life\lib\base\CApplication.php(169): CWebApplication->processRequest()
#6 E:\Company_project\1life\admin\index.php(13): CApplication->run()
#7 {main}
REQUEST_URI=/index.php?r=admin/articles/index&target=navTab
HTTP_REFERER=http://admin.1life.com/index.php?r=site/page&view=about
---
2013/07/29 03:02:54 [error] [exception.CException] exception 'CException' with message 'Alias "admin.AdminModule" is invalid. Make sure it points to an existing PHP file and the file is readable.' in E:\Company_project\1life\lib\YiiBase.php:316
Stack trace:
#0 E:\Company_project\1life\lib\YiiBase.php(196): YiiBase::import('admin.AdminModu...', true)
#1 E:\Company_project\1life\lib\base\CModule.php(282): YiiBase::createComponent('admin.AdminModu...', 'admin', NULL, Array)
#2 E:\Company_project\1life\lib\web\CWebApplication.php(337): CModule->getModule('admin')
#3 E:\Company_project\1life\lib\web\CWebApplication.php(276): CWebApplication->createController('admin/articles/...')
#4 E:\Company_project\1life\lib\web\CWebApplication.php(141): CWebApplication->runController('admin/articles/...')
#5 E:\Company_project\1life\lib\base\CApplication.php(169): CWebApplication->processRequest()
#6 E:\Company_project\1life\admin\index.php(13): CApplication->run()
#7 {main}
REQUEST_URI=/index.php?r=admin/articles/create&target=dialog
HTTP_REFERER=http://admin.1life.com/index.php?r=site/page&view=about
---
2013/07/29 03:02:57 [error] [exception.CException] exception 'CException' with message 'Alias "admin.AdminModule" is invalid. Make sure it points to an existing PHP file and the file is readable.' in E:\Company_project\1life\lib\YiiBase.php:316
Stack trace:
#0 E:\Company_project\1life\lib\YiiBase.php(196): YiiBase::import('admin.AdminModu...', true)
#1 E:\Company_project\1life\lib\base\CModule.php(282): YiiBase::createComponent('admin.AdminModu...', 'admin', NULL, Array)
#2 E:\Company_project\1life\lib\web\CWebApplication.php(337): CModule->getModule('admin')
#3 E:\Company_project\1life\lib\web\CWebApplication.php(276): CWebApplication->createController('admin/articles/...')
#4 E:\Company_project\1life\lib\web\CWebApplication.php(141): CWebApplication->runController('admin/articles/...')
#5 E:\Company_project\1life\lib\base\CApplication.php(169): CWebApplication->processRequest()
#6 E:\Company_project\1life\admin\index.php(13): CApplication->run()
#7 {main}
REQUEST_URI=/index.php?r=admin/articles/index&target=navTab
HTTP_REFERER=http://admin.1life.com/index.php?r=site/page&view=about
---
2013/07/29 03:03:56 [error] [exception.CException] exception 'CException' with message 'Alias "admin.AdminModule" is invalid. Make sure it points to an existing PHP file and the file is readable.' in E:\Company_project\1life\lib\YiiBase.php:316
Stack trace:
#0 E:\Company_project\1life\lib\YiiBase.php(196): YiiBase::import('admin.AdminModu...', true)
#1 E:\Company_project\1life\lib\base\CModule.php(282): YiiBase::createComponent('admin.AdminModu...', 'admin', NULL, Array)
#2 E:\Company_project\1life\lib\web\CWebApplication.php(337): CModule->getModule('admin')
#3 E:\Company_project\1life\lib\web\CWebApplication.php(276): CWebApplication->createController('admin/articles/...')
#4 E:\Company_project\1life\lib\web\CWebApplication.php(141): CWebApplication->runController('admin/articles/...')
#5 E:\Company_project\1life\lib\base\CApplication.php(169): CWebApplication->processRequest()
#6 E:\Company_project\1life\admin\index.php(13): CApplication->run()
#7 {main}
REQUEST_URI=/index.php?r=admin/articles/create&target=dialog
HTTP_REFERER=http://admin.1life.com/index.php?r=site/page&view=about
---
2013/07/29 03:04:08 [error] [exception.CException] exception 'CException' with message 'Alias "admin.AdminModule" is invalid. Make sure it points to an existing PHP file and the file is readable.' in E:\Company_project\1life\lib\YiiBase.php:316
Stack trace:
#0 E:\Company_project\1life\lib\YiiBase.php(196): YiiBase::import('admin.AdminModu...', true)
#1 E:\Company_project\1life\lib\base\CModule.php(282): YiiBase::createComponent('admin.AdminModu...', 'admin', NULL, Array)
#2 E:\Company_project\1life\lib\web\CWebApplication.php(337): CModule->getModule('admin')
#3 E:\Company_project\1life\lib\web\CWebApplication.php(276): CWebApplication->createController('admin/articles/...')
#4 E:\Company_project\1life\lib\web\CWebApplication.php(141): CWebApplication->runController('admin/articles/...')
#5 E:\Company_project\1life\lib\base\CApplication.php(169): CWebApplication->processRequest()
#6 E:\Company_project\1life\admin\index.php(13): CApplication->run()
#7 {main}
REQUEST_URI=/index.php?r=admin/articles/index&target=navTab
HTTP_REFERER=http://admin.1life.com/index.php?r=site/page&view=about
---
2013/07/29 03:07:31 [error] [exception.CException] exception 'CException' with message 'Alias "admin.AdminModule" is invalid. Make sure it points to an existing PHP file and the file is readable.' in E:\Company_project\1life\lib\YiiBase.php:316
Stack trace:
#0 E:\Company_project\1life\lib\YiiBase.php(196): YiiBase::import('admin.AdminModu...', true)
#1 E:\Company_project\1life\lib\base\CModule.php(282): YiiBase::createComponent('admin.AdminModu...', 'admin', NULL, Array)
#2 E:\Company_project\1life\lib\web\CWebApplication.php(337): CModule->getModule('admin')
#3 E:\Company_project\1life\lib\web\CWebApplication.php(276): CWebApplication->createController('admin/articles/...')
#4 E:\Company_project\1life\lib\web\CWebApplication.php(141): CWebApplication->runController('admin/articles/...')
#5 E:\Company_project\1life\lib\base\CApplication.php(169): CWebApplication->processRequest()
#6 E:\Company_project\1life\admin\index.php(13): CApplication->run()
#7 {main}
REQUEST_URI=/index.php?r=admin/articles/index&target=navTab
HTTP_REFERER=http://admin.1life.com/index.php?r=site/page&view=about
---
2013/07/29 03:15:27 [error] [exception.CException] exception 'CException' with message 'Alias "admin.AdminModule" is invalid. Make sure it points to an existing PHP file and the file is readable.' in E:\Company_project\1life\lib\YiiBase.php:316
Stack trace:
#0 E:\Company_project\1life\lib\YiiBase.php(196): YiiBase::import('admin.AdminModu...', true)
#1 E:\Company_project\1life\lib\base\CModule.php(282): YiiBase::createComponent('admin.AdminModu...', 'admin', NULL, Array)
#2 E:\Company_project\1life\lib\web\CWebApplication.php(337): CModule->getModule('admin')
#3 E:\Company_project\1life\lib\web\CWebApplication.php(276): CWebApplication->createController('admin/articles/...')
#4 E:\Company_project\1life\lib\web\CWebApplication.php(141): CWebApplication->runController('admin/articles/...')
#5 E:\Company_project\1life\lib\base\CApplication.php(169): CWebApplication->processRequest()
#6 E:\Company_project\1life\admin\index.php(13): CApplication->run()
#7 {main}
REQUEST_URI=/index.php?r=admin/articles/create&target=dialog
HTTP_REFERER=http://admin.1life.com/index.php?r=site/page&view=about
---
2013/07/29 03:15:31 [error] [exception.CException] exception 'CException' with message 'Alias "admin.AdminModule" is invalid. Make sure it points to an existing PHP file and the file is readable.' in E:\Company_project\1life\lib\YiiBase.php:316
Stack trace:
#0 E:\Company_project\1life\lib\YiiBase.php(196): YiiBase::import('admin.AdminModu...', true)
#1 E:\Company_project\1life\lib\base\CModule.php(282): YiiBase::createComponent('admin.AdminModu...', 'admin', NULL, Array)
#2 E:\Company_project\1life\lib\web\CWebApplication.php(337): CModule->getModule('admin')
#3 E:\Company_project\1life\lib\web\CWebApplication.php(276): CWebApplication->createController('admin/articles/...')
#4 E:\Company_project\1life\lib\web\CWebApplication.php(141): CWebApplication->runController('admin/articles/...')
#5 E:\Company_project\1life\lib\base\CApplication.php(169): CWebApplication->processRequest()
#6 E:\Company_project\1life\admin\index.php(13): CApplication->run()
#7 {main}
REQUEST_URI=/index.php?r=admin/articles/index&target=navTab
HTTP_REFERER=http://admin.1life.com/index.php?r=site/page&view=about
---
2013/07/29 03:15:57 [error] [exception.CException] exception 'CException' with message 'Alias "admin.AdminModule" is invalid. Make sure it points to an existing PHP file and the file is readable.' in E:\Company_project\1life\lib\YiiBase.php:316
Stack trace:
#0 E:\Company_project\1life\lib\YiiBase.php(196): YiiBase::import('admin.AdminModu...', true)
#1 E:\Company_project\1life\lib\base\CModule.php(282): YiiBase::createComponent('admin.AdminModu...', 'admin', NULL, Array)
#2 E:\Company_project\1life\lib\web\CWebApplication.php(337): CModule->getModule('admin')
#3 E:\Company_project\1life\lib\web\CWebApplication.php(276): CWebApplication->createController('admin/articles/...')
#4 E:\Company_project\1life\lib\web\CWebApplication.php(141): CWebApplication->runController('admin/articles/...')
#5 E:\Company_project\1life\lib\base\CApplication.php(169): CWebApplication->processRequest()
#6 E:\Company_project\1life\admin\index.php(13): CApplication->run()
#7 {main}
REQUEST_URI=/index.php?r=admin/articles/create&target=dialog
HTTP_REFERER=http://admin.1life.com/index.php?r=site/page&view=about
---
2013/07/29 03:16:01 [error] [exception.CException] exception 'CException' with message 'Alias "admin.AdminModule" is invalid. Make sure it points to an existing PHP file and the file is readable.' in E:\Company_project\1life\lib\YiiBase.php:316
Stack trace:
#0 E:\Company_project\1life\lib\YiiBase.php(196): YiiBase::import('admin.AdminModu...', true)
#1 E:\Company_project\1life\lib\base\CModule.php(282): YiiBase::createComponent('admin.AdminModu...', 'admin', NULL, Array)
#2 E:\Company_project\1life\lib\web\CWebApplication.php(337): CModule->getModule('admin')
#3 E:\Company_project\1life\lib\web\CWebApplication.php(276): CWebApplication->createController('admin/articles/...')
#4 E:\Company_project\1life\lib\web\CWebApplication.php(141): CWebApplication->runController('admin/articles/...')
#5 E:\Company_project\1life\lib\base\CApplication.php(169): CWebApplication->processRequest()
#6 E:\Company_project\1life\admin\index.php(13): CApplication->run()
#7 {main}
REQUEST_URI=/index.php?r=admin/articles/index&target=navTab
HTTP_REFERER=http://admin.1life.com/index.php?r=site/page&view=about
---
2013/07/29 03:17:18 [error] [exception.CException] exception 'CException' with message 'Alias "admin.AdminModule" is invalid. Make sure it points to an existing PHP file and the file is readable.' in E:\Company_project\1life\lib\YiiBase.php:316
Stack trace:
#0 E:\Company_project\1life\lib\YiiBase.php(196): YiiBase::import('admin.AdminModu...', true)
#1 E:\Company_project\1life\lib\base\CModule.php(282): YiiBase::createComponent('admin.AdminModu...', 'admin', NULL, Array)
#2 E:\Company_project\1life\lib\web\CWebApplication.php(337): CModule->getModule('admin')
#3 E:\Company_project\1life\lib\web\CWebApplication.php(276): CWebApplication->createController('admin/articles/...')
#4 E:\Company_project\1life\lib\web\CWebApplication.php(141): CWebApplication->runController('admin/articles/...')
#5 E:\Company_project\1life\lib\base\CApplication.php(169): CWebApplication->processRequest()
#6 E:\Company_project\1life\admin\index.php(13): CApplication->run()
#7 {main}
REQUEST_URI=/index.php?r=admin/articles/index&target=navTab
HTTP_REFERER=http://admin.1life.com/index.php?r=site/page&view=about
---
2013/07/29 03:20:45 [error] [exception.CHttpException.404] exception 'CHttpException' with message 'Unable to resolve the request "admin/articles/create".' in E:\Company_project\1life\lib\web\CWebApplication.php:286
Stack trace:
#0 E:\Company_project\1life\lib\web\CWebApplication.php(141): CWebApplication->runController('admin/articles/...')
#1 E:\Company_project\1life\lib\base\CApplication.php(169): CWebApplication->processRequest()
#2 E:\Company_project\1life\admin\index.php(13): CApplication->run()
#3 {main}
REQUEST_URI=/index.php?r=admin/articles/create&target=dialog
HTTP_REFERER=http://admin.1life.com/index.php?r=site/page&view=about
---
2013/07/29 03:20:49 [error] [exception.CHttpException.404] exception 'CHttpException' with message 'Unable to resolve the request "admin/articles/index".' in E:\Company_project\1life\lib\web\CWebApplication.php:286
Stack trace:
#0 E:\Company_project\1life\lib\web\CWebApplication.php(141): CWebApplication->runController('admin/articles/...')
#1 E:\Company_project\1life\lib\base\CApplication.php(169): CWebApplication->processRequest()
#2 E:\Company_project\1life\admin\index.php(13): CApplication->run()
#3 {main}
REQUEST_URI=/index.php?r=admin/articles/index&target=navTab
HTTP_REFERER=http://admin.1life.com/index.php?r=site/page&view=about
---
2013/07/29 03:21:04 [error] [exception.CHttpException.404] exception 'CHttpException' with message 'Unable to resolve the request "admin/articles/index".' in E:\Company_project\1life\lib\web\CWebApplication.php:286
Stack trace:
#0 E:\Company_project\1life\lib\web\CWebApplication.php(141): CWebApplication->runController('admin/articles/...')
#1 E:\Company_project\1life\lib\base\CApplication.php(169): CWebApplication->processRequest()
#2 E:\Company_project\1life\admin\index.php(13): CApplication->run()
#3 {main}
REQUEST_URI=/index.php?r=admin/articles/index&target=navTab
HTTP_REFERER=http://admin.1life.com/index.php?r=site/page&view=about
---
2013/07/29 03:21:25 [error] [exception.CHttpException.404] exception 'CHttpException' with message 'The requested view "abou" was not found.' in E:\Company_project\1life\lib\web\actions\CViewAction.php:112
Stack trace:
#0 E:\Company_project\1life\lib\web\actions\CViewAction.php(123): CViewAction->resolveView('abou')
#1 E:\Company_project\1life\lib\web\actions\CAction.php(76): CViewAction->run()
#2 E:\Company_project\1life\lib\web\CController.php(308): CAction->runWithParams(Array)
#3 E:\Company_project\1life\lib\web\CController.php(286): CController->runAction(Object(CViewAction))
#4 E:\Company_project\1life\lib\web\CController.php(265): CController->runActionWithFilters(Object(CViewAction), Array)
#5 E:\Company_project\1life\lib\web\CWebApplication.php(282): CController->run('page')
#6 E:\Company_project\1life\lib\web\CWebApplication.php(141): CWebApplication->runController('site/page')
#7 E:\Company_project\1life\lib\base\CApplication.php(169): CWebApplication->processRequest()
#8 E:\Company_project\1life\admin\index.php(13): CApplication->run()
#9 {main}
REQUEST_URI=/index.php?r=site/page&view=abou
---
2013/07/29 03:21:29 [error] [exception.CHttpException.404] exception 'CHttpException' with message 'The requested view "index" was not found.' in E:\Company_project\1life\lib\web\actions\CViewAction.php:112
Stack trace:
#0 E:\Company_project\1life\lib\web\actions\CViewAction.php(123): CViewAction->resolveView('index')
#1 E:\Company_project\1life\lib\web\actions\CAction.php(76): CViewAction->run()
#2 E:\Company_project\1life\lib\web\CController.php(308): CAction->runWithParams(Array)
#3 E:\Company_project\1life\lib\web\CController.php(286): CController->runAction(Object(CViewAction))
#4 E:\Company_project\1life\lib\web\CController.php(265): CController->runActionWithFilters(Object(CViewAction), Array)
#5 E:\Company_project\1life\lib\web\CWebApplication.php(282): CController->run('page')
#6 E:\Company_project\1life\lib\web\CWebApplication.php(141): CWebApplication->runController('site/page')
#7 E:\Company_project\1life\lib\base\CApplication.php(169): CWebApplication->processRequest()
#8 E:\Company_project\1life\admin\index.php(13): CApplication->run()
#9 {main}
REQUEST_URI=/index.php?r=site/page&view
---
2013/07/29 03:21:31 [error] [exception.CHttpException.404] exception 'CHttpException' with message 'The requested view "index" was not found.' in E:\Company_project\1life\lib\web\actions\CViewAction.php:112
Stack trace:
#0 E:\Company_project\1life\lib\web\actions\CViewAction.php(123): CViewAction->resolveView('index')
#1 E:\Company_project\1life\lib\web\actions\CAction.php(76): CViewAction->run()
#2 E:\Company_project\1life\lib\web\CController.php(308): CAction->runWithParams(Array)
#3 E:\Company_project\1life\lib\web\CController.php(286): CController->runAction(Object(CViewAction))
#4 E:\Company_project\1life\lib\web\CController.php(265): CController->runActionWithFilters(Object(CViewAction), Array)
#5 E:\Company_project\1life\lib\web\CWebApplication.php(282): CController->run('page')
#6 E:\Company_project\1life\lib\web\CWebApplication.php(141): CWebApplication->runController('site/page')
#7 E:\Company_project\1life\lib\base\CApplication.php(169): CWebApplication->processRequest()
#8 E:\Company_project\1life\admin\index.php(13): CApplication->run()
#9 {main}
REQUEST_URI=/index.php?r=site/page
---
2013/07/29 03:21:37 [error] [exception.CHttpException.404] exception 'CHttpException' with message 'Unable to resolve the request "admin/tmtype/create".' in E:\Company_project\1life\lib\web\CWebApplication.php:286
Stack trace:
#0 E:\Company_project\1life\lib\web\CWebApplication.php(141): CWebApplication->runController('admin/tmtype/cr...')
#1 E:\Company_project\1life\lib\base\CApplication.php(169): CWebApplication->processRequest()
#2 E:\Company_project\1life\admin\index.php(13): CApplication->run()
#3 {main}
REQUEST_URI=/index.php?r=admin/tmtype/create&target=navTab
HTTP_REFERER=http://admin.1life.com/index.php
---
2013/07/29 03:21:55 [error] [exception.CException] exception 'CException' with message 'Filter "accessAuth" is invalid. Controller "ArticlesController" does not have the filter method "filteraccessAuth".' in E:\Company_project\1life\lib\web\filters\CInlineFilter.php:46
Stack trace:
#0 E:\Company_project\1life\lib\web\filters\CFilterChain.php(72): CInlineFilter::create(Object(ArticlesController), 'accessAuth')
#1 E:\Company_project\1life\lib\web\CController.php(291): CFilterChain::create(Object(ArticlesController), Object(CInlineAction), Array)
#2 E:\Company_project\1life\lib\web\CController.php(265): CController->runActionWithFilters(Object(CInlineAction), Array)
#3 E:\Company_project\1life\lib\web\CWebApplication.php(282): CController->run('create')
#4 E:\Company_project\1life\lib\web\CWebApplication.php(141): CWebApplication->runController('articles/create')
#5 E:\Company_project\1life\lib\base\CApplication.php(169): CWebApplication->processRequest()
#6 E:\Company_project\1life\admin\index.php(13): CApplication->run()
#7 {main}
REQUEST_URI=/index.php?r=articles/create&target=dialog
HTTP_REFERER=http://admin.1life.com/index.php
---
2013/07/29 03:22:55 [error] [exception.CException] exception 'CException' with message 'Filter "accessAuth" is invalid. Controller "ArticlesController" does not have the filter method "filteraccessAuth".' in E:\Company_project\1life\lib\web\filters\CInlineFilter.php:46
Stack trace:
#0 E:\Company_project\1life\lib\web\filters\CFilterChain.php(72): CInlineFilter::create(Object(ArticlesController), 'accessAuth')
#1 E:\Company_project\1life\lib\web\CController.php(291): CFilterChain::create(Object(ArticlesController), Object(CInlineAction), Array)
#2 E:\Company_project\1life\lib\web\CController.php(265): CController->runActionWithFilters(Object(CInlineAction), Array)
#3 E:\Company_project\1life\lib\web\CWebApplication.php(282): CController->run('create')
#4 E:\Company_project\1life\lib\web\CWebApplication.php(141): CWebApplication->runController('articles/create')
#5 E:\Company_project\1life\lib\base\CApplication.php(169): CWebApplication->processRequest()
#6 E:\Company_project\1life\admin\index.php(13): CApplication->run()
#7 {main}
REQUEST_URI=/index.php?r=articles/create&target=dialog
HTTP_REFERER=http://admin.1life.com/index.php
---
2013/07/29 03:24:00 [error] [exception.CException] exception 'CException' with message 'Filter "accessAuth" is invalid. Controller "ArticlesController" does not have the filter method "filteraccessAuth".' in E:\Company_project\1life\lib\web\filters\CInlineFilter.php:46
Stack trace:
#0 E:\Company_project\1life\lib\web\filters\CFilterChain.php(72): CInlineFilter::create(Object(ArticlesController), 'accessAuth')
#1 E:\Company_project\1life\lib\web\CController.php(291): CFilterChain::create(Object(ArticlesController), Object(CInlineAction), Array)
#2 E:\Company_project\1life\lib\web\CController.php(265): CController->runActionWithFilters(Object(CInlineAction), Array)
#3 E:\Company_project\1life\lib\web\CWebApplication.php(282): CController->run('create')
#4 E:\Company_project\1life\lib\web\CWebApplication.php(141): CWebApplication->runController('articles/create')
#5 E:\Company_project\1life\lib\base\CApplication.php(169): CWebApplication->processRequest()
#6 E:\Company_project\1life\admin\index.php(13): CApplication->run()
#7 {main}
REQUEST_URI=/index.php?r=articles/create&target=dialog
HTTP_REFERER=http://admin.1life.com/index.php
---
2013/07/29 03:24:12 [error] [exception.CHttpException.404] exception 'CHttpException' with message 'Unable to resolve the request "admin/articles/index".' in E:\Company_project\1life\lib\web\CWebApplication.php:286
Stack trace:
#0 E:\Company_project\1life\lib\web\CWebApplication.php(141): CWebApplication->runController('admin/articles/...')
#1 E:\Company_project\1life\lib\base\CApplication.php(169): CWebApplication->processRequest()
#2 E:\Company_project\1life\admin\index.php(13): CApplication->run()
#3 {main}
REQUEST_URI=/index.php?r=admin/articles/index&target=navTab
HTTP_REFERER=http://admin.1life.com/index.php
---
2013/07/29 03:24:24 [error] [exception.CException] exception 'CException' with message 'Filter "accessAuth" is invalid. Controller "ArticlesController" does not have the filter method "filteraccessAuth".' in E:\Company_project\1life\lib\web\filters\CInlineFilter.php:46
Stack trace:
#0 E:\Company_project\1life\lib\web\filters\CFilterChain.php(72): CInlineFilter::create(Object(ArticlesController), 'accessAuth')
#1 E:\Company_project\1life\lib\web\CController.php(291): CFilterChain::create(Object(ArticlesController), Object(CInlineAction), Array)
#2 E:\Company_project\1life\lib\web\CController.php(265): CController->runActionWithFilters(Object(CInlineAction), Array)
#3 E:\Company_project\1life\lib\web\CWebApplication.php(282): CController->run('index')
#4 E:\Company_project\1life\lib\web\CWebApplication.php(141): CWebApplication->runController('articles/index')
#5 E:\Company_project\1life\lib\base\CApplication.php(169): CWebApplication->processRequest()
#6 E:\Company_project\1life\admin\index.php(13): CApplication->run()
#7 {main}
REQUEST_URI=/index.php?r=articles/index&target=navTab
HTTP_REFERER=http://admin.1life.com/index.php
---
2013/07/29 03:25:10 [error] [php] Undefined variable: model (E:\Company_project\1life\admin\protected\views\articles\create.php:2)
Stack trace:
#0 E:\Company_project\1life\lib\web\CController.php(869): ArticlesController->renderFile()
#1 E:\Company_project\1life\lib\web\CController.php(782): ArticlesController->renderPartial()
#2 E:\Company_project\1life\admin\protected\controllers\ArticlesController.php(22): ArticlesController->render()
#3 E:\Company_project\1life\lib\web\actions\CInlineAction.php(49): ArticlesController->actionCreate()
#4 E:\Company_project\1life\lib\web\CController.php(308): CInlineAction->runWithParams()
#5 E:\Company_project\1life\lib\web\CController.php(286): ArticlesController->runAction()
#6 E:\Company_project\1life\lib\web\CController.php(265): ArticlesController->runActionWithFilters()
#7 E:\Company_project\1life\lib\web\CWebApplication.php(282): ArticlesController->run()
#8 E:\Company_project\1life\lib\web\CWebApplication.php(141): CWebApplication->runController()
#9 E:\Company_project\1life\lib\base\CApplication.php(169): CWebApplication->processRequest()
#10 E:\Company_project\1life\admin\index.php(13): CWebApplication->run()
REQUEST_URI=/index.php?r=articles/create&target=dialog
in E:\Company_project\1life\admin\protected\views\articles\create.php (2)
in E:\Company_project\1life\admin\protected\controllers\ArticlesController.php (22)
in E:\Company_project\1life\admin\index.php (13)
2013/07/29 03:25:40 [error] [exception.CException] exception 'CException' with message 'ArticlesController cannot find the requested view "test".' in E:\Company_project\1life\lib\web\CController.php:878
Stack trace:
#0 E:\Company_project\1life\admin\protected\views\articles\index.php(18): CController->renderPartial('test', Array, true)
#1 E:\Company_project\1life\lib\web\CBaseController.php(126): require('E:\Company_proj...')
#2 E:\Company_project\1life\lib\web\CBaseController.php(95): CBaseController->renderInternal('E:\Company_proj...', NULL, true)
#3 E:\Company_project\1life\lib\web\CController.php(869): CBaseController->renderFile('E:\Company_proj...', NULL, true)
#4 E:\Company_project\1life\lib\web\CController.php(782): CController->renderPartial('index', NULL, true)
#5 E:\Company_project\1life\admin\protected\controllers\ArticlesController.php(7): CController->render('index')
#6 E:\Company_project\1life\lib\web\actions\CInlineAction.php(49): ArticlesController->actionIndex()
#7 E:\Company_project\1life\lib\web\CController.php(308): CInlineAction->runWithParams(Array)
#8 E:\Company_project\1life\lib\web\CController.php(286): CController->runAction(Object(CInlineAction))
#9 E:\Company_project\1life\lib\web\CController.php(265): CController->runActionWithFilters(Object(CInlineAction), Array)
#10 E:\Company_project\1life\lib\web\CWebApplication.php(282): CController->run('index')
#11 E:\Company_project\1life\lib\web\CWebApplication.php(141): CWebApplication->runController('articles/index')
#12 E:\Company_project\1life\lib\base\CApplication.php(169): CWebApplication->processRequest()
#13 E:\Company_project\1life\admin\index.php(13): CApplication->run()
#14 {main}
REQUEST_URI=/index.php?r=articles/index&target=navTab
HTTP_REFERER=http://admin.1life.com/index.php
---
2013/07/29 03:26:10 [error] [exception.CException] exception 'CException' with message 'ArticlesController cannot find the requested view "test".' in E:\Company_project\1life\lib\web\CController.php:878
Stack trace:
#0 E:\Company_project\1life\admin\protected\views\articles\index.php(18): CController->renderPartial('test', Array, true)
#1 E:\Company_project\1life\lib\web\CBaseController.php(126): require('E:\Company_proj...')
#2 E:\Company_project\1life\lib\web\CBaseController.php(95): CBaseController->renderInternal('E:\Company_proj...', NULL, true)
#3 E:\Company_project\1life\lib\web\CController.php(869): CBaseController->renderFile('E:\Company_proj...', NULL, true)
#4 E:\Company_project\1life\lib\web\CController.php(782): CController->renderPartial('index', NULL, true)
#5 E:\Company_project\1life\admin\protected\controllers\ArticlesController.php(7): CController->render('index')
#6 E:\Company_project\1life\lib\web\actions\CInlineAction.php(49): ArticlesController->actionIndex()
#7 E:\Company_project\1life\lib\web\CController.php(308): CInlineAction->runWithParams(Array)
#8 E:\Company_project\1life\lib\web\CController.php(286): CController->runAction(Object(CInlineAction))
#9 E:\Company_project\1life\lib\web\CController.php(265): CController->runActionWithFilters(Object(CInlineAction), Array)
#10 E:\Company_project\1life\lib\web\CWebApplication.php(282): CController->run('index')
#11 E:\Company_project\1life\lib\web\CWebApplication.php(141): CWebApplication->runController('articles/index')
#12 E:\Company_project\1life\lib\base\CApplication.php(169): CWebApplication->processRequest()
#13 E:\Company_project\1life\admin\index.php(13): CApplication->run()
#14 {main}
REQUEST_URI=/index.php?r=articles/index&target=navTab
HTTP_REFERER=http://admin.1life.com/index.php
---
2013/07/29 03:26:55 [error] [exception.CException] exception 'CException' with message 'ArticlesController cannot find the requested view "test".' in E:\Company_project\1life\lib\web\CController.php:878
Stack trace:
#0 E:\Company_project\1life\admin\protected\views\articles\index.php(18): CController->renderPartial('test', Array, true)
#1 E:\Company_project\1life\lib\web\CBaseController.php(126): require('E:\Company_proj...')
#2 E:\Company_project\1life\lib\web\CBaseController.php(95): CBaseController->renderInternal('E:\Company_proj...', NULL, true)
#3 E:\Company_project\1life\lib\web\CController.php(869): CBaseController->renderFile('E:\Company_proj...', NULL, true)
#4 E:\Company_project\1life\lib\web\CController.php(782): CController->renderPartial('index', NULL, true)
#5 E:\Company_project\1life\admin\protected\controllers\ArticlesController.php(7): CController->render('index')
#6 E:\Company_project\1life\lib\web\actions\CInlineAction.php(49): ArticlesController->actionIndex()
#7 E:\Company_project\1life\lib\web\CController.php(308): CInlineAction->runWithParams(Array)
#8 E:\Company_project\1life\lib\web\CController.php(286): CController->runAction(Object(CInlineAction))
#9 E:\Company_project\1life\lib\web\CController.php(265): CController->runActionWithFilters(Object(CInlineAction), Array)
#10 E:\Company_project\1life\lib\web\CWebApplication.php(282): CController->run('index')
#11 E:\Company_project\1life\lib\web\CWebApplication.php(141): CWebApplication->runController('articles/index')
#12 E:\Company_project\1life\lib\base\CApplication.php(169): CWebApplication->processRequest()
#13 E:\Company_project\1life\admin\index.php(13): CApplication->run()
#14 {main}
REQUEST_URI=/index.php?r=articles/index&target=navTab
HTTP_REFERER=http://admin.1life.com/index.php
---
2013/07/29 03:27:38 [error] [exception.CException] exception 'CException' with message 'ArticlesController cannot find the requested view "menu_tree".' in E:\Company_project\1life\lib\web\CController.php:878
Stack trace:
#0 E:\Company_project\1life\admin\protected\views\layouts\main.php(44): CController->renderPartial('menu_tree', NULL, true)
#1 E:\Company_project\1life\lib\web\CBaseController.php(126): require('E:\Company_proj...')
#2 E:\Company_project\1life\lib\web\CBaseController.php(95): CBaseController->renderInternal('E:\Company_proj...', Array, true)
#3 E:\Company_project\1life\lib\web\CController.php(784): CBaseController->renderFile('E:\Company_proj...', Array, true)
#4 E:\Company_project\1life\admin\protected\controllers\ArticlesController.php(7): CController->render('index')
#5 E:\Company_project\1life\lib\web\actions\CInlineAction.php(49): ArticlesController->actionIndex()
#6 E:\Company_project\1life\lib\web\CController.php(308): CInlineAction->runWithParams(Array)
#7 E:\Company_project\1life\lib\web\CController.php(286): CController->runAction(Object(CInlineAction))
#8 E:\Company_project\1life\lib\web\CController.php(265): CController->runActionWithFilters(Object(CInlineAction), Array)
#9 E:\Company_project\1life\lib\web\CWebApplication.php(282): CController->run('index')
#10 E:\Company_project\1life\lib\web\CWebApplication.php(141): CWebApplication->runController('articles/index')
#11 E:\Company_project\1life\lib\base\CApplication.php(169): CWebApplication->processRequest()
#12 E:\Company_project\1life\admin\index.php(13): CApplication->run()
#13 {main}
REQUEST_URI=/index.php?r=articles/index&target=navTab
HTTP_REFERER=http://admin.1life.com/index.php
---
2013/07/29 03:28:34 [error] [exception.CHttpException.404] exception 'CHttpException' with message 'The system is unable to find the requested action "create".' in E:\Company_project\1life\lib\web\CController.php:483
Stack trace:
#0 E:\Company_project\1life\lib\web\CController.php(270): CController->missingAction('create')
#1 E:\Company_project\1life\lib\web\CWebApplication.php(282): CController->run('create')
#2 E:\Company_project\1life\lib\web\CWebApplication.php(141): CWebApplication->runController('articles/create')
#3 E:\Company_project\1life\lib\base\CApplication.php(169): CWebApplication->processRequest()
#4 E:\Company_project\1life\admin\index.php(13): CApplication->run()
#5 {main}
REQUEST_URI=/index.php?r=articles/create&target=dialog
HTTP_REFERER=http://admin.1life.com/index.php
---
2013/07/29 03:28:39 [error] [exception.CHttpException.404] exception 'CHttpException' with message 'Unable to resolve the request "admin/default/test".' in E:\Company_project\1life\lib\web\CWebApplication.php:286
Stack trace:
#0 E:\Company_project\1life\lib\web\CWebApplication.php(141): CWebApplication->runController('admin/default/t...')
#1 E:\Company_project\1life\lib\base\CApplication.php(169): CWebApplication->processRequest()
#2 E:\Company_project\1life\admin\index.php(13): CApplication->run()
#3 {main}
REQUEST_URI=/index.php?r=admin/default/test&id=11
HTTP_REFERER=http://admin.1life.com/index.php
---
2013/07/29 03:29:03 [error] [exception.CHttpException.404] exception 'CHttpException' with message 'The system is unable to find the requested action "create".' in E:\Company_project\1life\lib\web\CController.php:483
Stack trace:
#0 E:\Company_project\1life\lib\web\CController.php(270): CController->missingAction('create')
#1 E:\Company_project\1life\lib\web\CWebApplication.php(282): CController->run('create')
#2 E:\Company_project\1life\lib\web\CWebApplication.php(141): CWebApplication->runController('articles/create')
#3 E:\Company_project\1life\lib\base\CApplication.php(169): CWebApplication->processRequest()
#4 E:\Company_project\1life\admin\index.php(13): CApplication->run()
#5 {main}
REQUEST_URI=/index.php?r=articles/create&target=dialog
HTTP_REFERER=http://admin.1life.com/index.php
---
2013/07/29 03:30:03 [error] [php] Undefined variable: model (E:\Company_project\1life\admin\protected\views\articles\create.php:2)
Stack trace:
#0 E:\Company_project\1life\lib\web\CController.php(869): ArticlesController->renderFile()
#1 E:\Company_project\1life\admin\protected\controllers\ArticlesController.php(13): ArticlesController->renderPartial()
#2 E:\Company_project\1life\lib\web\actions\CInlineAction.php(49): ArticlesController->actionCreate()
#3 E:\Company_project\1life\lib\web\CController.php(308): CInlineAction->runWithParams()
#4 E:\Company_project\1life\lib\web\CController.php(286): ArticlesController->runAction()
#5 E:\Company_project\1life\lib\web\CController.php(265): ArticlesController->runActionWithFilters()
#6 E:\Company_project\1life\lib\web\CWebApplication.php(282): ArticlesController->run()
#7 E:\Company_project\1life\lib\web\CWebApplication.php(141): CWebApplication->runController()
#8 E:\Company_project\1life\lib\base\CApplication.php(169): CWebApplication->processRequest()
#9 E:\Company_project\1life\admin\index.php(13): CWebApplication->run()
REQUEST_URI=/index.php?r=articles/create&target=dialog
in E:\Company_project\1life\admin\protected\views\articles\create.php (2)
in E:\Company_project\1life\admin\protected\controllers\ArticlesController.php (13)
in E:\Company_project\1life\admin\index.php (13)
2013/07/29 03:30:09 [error] [php] Undefined variable: model (E:\Company_project\1life\admin\protected\views\articles\create.php:2)
Stack trace:
#0 E:\Company_project\1life\lib\web\CController.php(869): ArticlesController->renderFile()
#1 E:\Company_project\1life\admin\protected\controllers\ArticlesController.php(13): ArticlesController->renderPartial()
#2 E:\Company_project\1life\lib\web\actions\CInlineAction.php(49): ArticlesController->actionCreate()
#3 E:\Company_project\1life\lib\web\CController.php(308): CInlineAction->runWithParams()
#4 E:\Company_project\1life\lib\web\CController.php(286): ArticlesController->runAction()
#5 E:\Company_project\1life\lib\web\CController.php(265): ArticlesController->runActionWithFilters()
#6 E:\Company_project\1life\lib\web\CWebApplication.php(282): ArticlesController->run()
#7 E:\Company_project\1life\lib\web\CWebApplication.php(141): CWebApplication->runController()
#8 E:\Company_project\1life\lib\base\CApplication.php(169): CWebApplication->processRequest()
#9 E:\Company_project\1life\admin\index.php(13): CWebApplication->run()
REQUEST_URI=/index.php?r=articles/create&target=dialog
in E:\Company_project\1life\admin\protected\views\articles\create.php (2)
in E:\Company_project\1life\admin\protected\controllers\ArticlesController.php (13)
in E:\Company_project\1life\admin\index.php (13)
2013/07/29 03:31:47 [error] [php] Undefined variable: model (E:\Company_project\1life\admin\protected\controllers\ArticlesController.php:16)
Stack trace:
#0 E:\Company_project\1life\lib\web\CController.php(286): ArticlesController->runAction()
#1 E:\Company_project\1life\lib\web\CController.php(265): ArticlesController->runActionWithFilters()
#2 E:\Company_project\1life\lib\web\CWebApplication.php(282): ArticlesController->run()
#3 E:\Company_project\1life\lib\web\CWebApplication.php(141): CWebApplication->runController()
#4 E:\Company_project\1life\lib\base\CApplication.php(169): CWebApplication->processRequest()
#5 E:\Company_project\1life\admin\index.php(13): CWebApplication->run()
REQUEST_URI=/index.php?r=articles/create&target=dialog
in E:\Company_project\1life\admin\protected\controllers\ArticlesController.php (16)
in E:\Company_project\1life\admin\index.php (13)
2013/07/29 03:34:07 [error] [php] Undefined variable: model (E:\Company_project\1life\admin\protected\controllers\ArticlesController.php:16)
Stack trace:
#0 E:\Company_project\1life\lib\web\CController.php(286): ArticlesController->runAction()
#1 E:\Company_project\1life\lib\web\CController.php(265): ArticlesController->runActionWithFilters()
#2 E:\Company_project\1life\lib\web\CWebApplication.php(282): ArticlesController->run()
#3 E:\Company_project\1life\lib\web\CWebApplication.php(141): CWebApplication->runController()
#4 E:\Company_project\1life\lib\base\CApplication.php(169): CWebApplication->processRequest()
#5 E:\Company_project\1life\admin\index.php(13): CWebApplication->run()
REQUEST_URI=/index.php?r=articles/create&target=dialog
in E:\Company_project\1life\admin\protected\controllers\ArticlesController.php (16)
in E:\Company_project\1life\admin\index.php (13)
2013/07/29 03:39:20 [error] [exception.CException] exception 'CException' with message 'ArticlesController cannot find the requested view "menu_tree".' in E:\Company_project\1life\lib\web\CController.php:878
Stack trace:
#0 E:\Company_project\1life\admin\protected\views\layouts\main.php(44): CController->renderPartial('menu_tree', NULL, true)
#1 E:\Company_project\1life\lib\web\CBaseController.php(126): require('E:\Company_proj...')
#2 E:\Company_project\1life\lib\web\CBaseController.php(95): CBaseController->renderInternal('E:\Company_proj...', Array, true)
#3 E:\Company_project\1life\lib\web\CController.php(784): CBaseController->renderFile('E:\Company_proj...', Array, true)
#4 E:\Company_project\1life\admin\protected\controllers\ArticlesController.php(9): CController->render('index')
#5 E:\Company_project\1life\lib\web\actions\CInlineAction.php(49): ArticlesController->actionIndex()
#6 E:\Company_project\1life\lib\web\CController.php(308): CInlineAction->runWithParams(Array)
#7 E:\Company_project\1life\lib\web\CController.php(286): CController->runAction(Object(CInlineAction))
#8 E:\Company_project\1life\lib\web\CController.php(265): CController->runActionWithFilters(Object(CInlineAction), Array)
#9 E:\Company_project\1life\lib\web\CWebApplication.php(282): CController->run('index')
#10 E:\Company_project\1life\lib\web\CWebApplication.php(141): CWebApplication->runController('articles/index')
#11 E:\Company_project\1life\lib\base\CApplication.php(169): CWebApplication->processRequest()
#12 E:\Company_project\1life\admin\index.php(13): CApplication->run()
#13 {main}
REQUEST_URI=/index.php?r=articles/index&target=navTab
HTTP_REFERER=http://admin.1life.com/index.php
---
2013/07/29 03:40:02 [error] [exception.CException] exception 'CException' with message 'ArticlesController cannot find the requested view "menu_tree".' in E:\Company_project\1life\lib\web\CController.php:878
Stack trace:
#0 E:\Company_project\1life\admin\protected\views\layouts\main.php(44): CController->renderPartial('menu_tree', NULL, true)
#1 E:\Company_project\1life\lib\web\CBaseController.php(126): require('E:\Company_proj...')
#2 E:\Company_project\1life\lib\web\CBaseController.php(95): CBaseController->renderInternal('E:\Company_proj...', Array, true)
#3 E:\Company_project\1life\lib\web\CController.php(784): CBaseController->renderFile('E:\Company_proj...', Array, true)
#4 E:\Company_project\1life\admin\protected\controllers\ArticlesController.php(9): CController->render('index')
#5 E:\Company_project\1life\lib\web\actions\CInlineAction.php(49): ArticlesController->actionIndex()
#6 E:\Company_project\1life\lib\web\CController.php(308): CInlineAction->runWithParams(Array)
#7 E:\Company_project\1life\lib\web\CController.php(286): CController->runAction(Object(CInlineAction))
#8 E:\Company_project\1life\lib\web\CController.php(265): CController->runActionWithFilters(Object(CInlineAction), Array)
#9 E:\Company_project\1life\lib\web\CWebApplication.php(282): CController->run('index')
#10 E:\Company_project\1life\lib\web\CWebApplication.php(141): CWebApplication->runController('articles/index')
#11 E:\Company_project\1life\lib\base\CApplication.php(169): CWebApplication->processRequest()
#12 E:\Company_project\1life\admin\index.php(13): CApplication->run()
#13 {main}
REQUEST_URI=/index.php?r=articles/index&target=navTab
HTTP_REFERER=http://admin.1life.com/index.php
---
2013/07/29 03:41:15 [error] [exception.CException] exception 'CException' with message 'SiteController cannot find the requested view "site/menu_tree".' in E:\Company_project\1life\lib\web\CController.php:878
Stack trace:
#0 E:\Company_project\1life\admin\protected\views\layouts\main.php(44): CController->renderPartial('site/menu_tree', NULL, true)
#1 E:\Company_project\1life\lib\web\CBaseController.php(126): require('E:\Company_proj...')
#2 E:\Company_project\1life\lib\web\CBaseController.php(95): CBaseController->renderInternal('E:\Company_proj...', Array, true)
#3 E:\Company_project\1life\lib\web\widgets\CContentDecorator.php(76): CBaseController->renderFile('E:\Company_proj...', Array, true)
#4 E:\Company_project\1life\lib\web\widgets\CContentDecorator.php(54): CContentDecorator->decorate('<div id="conten...')
#5 E:\Company_project\1life\lib\web\widgets\COutputProcessor.php(44): CContentDecorator->processOutput('<div id="conten...')
#6 E:\Company_project\1life\lib\web\CBaseController.php(206): COutputProcessor->run()
#7 E:\Company_project\1life\lib\web\CBaseController.php(300): CBaseController->endWidget('CContentDecorat...')
#8 E:\Company_project\1life\admin\protected\views\layouts\column1.php(6): CBaseController->endContent()
#9 E:\Company_project\1life\lib\web\CBaseController.php(126): require('E:\Company_proj...')
#10 E:\Company_project\1life\lib\web\CBaseController.php(95): CBaseController->renderInternal('E:\Company_proj...', Array, true)
#11 E:\Company_project\1life\lib\web\CController.php(784): CBaseController->renderFile('E:\Company_proj...', Array, true)
#12 E:\Company_project\1life\admin\protected\controllers\SiteController.php(32): CController->render('index')
#13 E:\Company_project\1life\lib\web\actions\CInlineAction.php(49): SiteController->actionIndex()
#14 E:\Company_project\1life\lib\web\CController.php(308): CInlineAction->runWithParams(Array)
#15 E:\Company_project\1life\lib\web\CController.php(286): CController->runAction(Object(CInlineAction))
#16 E:\Company_project\1life\lib\web\CController.php(265): CController->runActionWithFilters(Object(CInlineAction), Array)
#17 E:\Company_project\1life\lib\web\CWebApplication.php(282): CController->run('')
#18 E:\Company_project\1life\lib\web\CWebApplication.php(141): CWebApplication->runController('')
#19 E:\Company_project\1life\lib\base\CApplication.php(169): CWebApplication->processRequest()
#20 E:\Company_project\1life\admin\index.php(13): CApplication->run()
#21 {main}
REQUEST_URI=/index.php
---
2013/07/29 03:41:17 [error] [exception.CException] exception 'CException' with message 'SiteController cannot find the requested view "site/menu_tree".' in E:\Company_project\1life\lib\web\CController.php:878
Stack trace:
#0 E:\Company_project\1life\admin\protected\views\layouts\main.php(44): CController->renderPartial('site/menu_tree', NULL, true)
#1 E:\Company_project\1life\lib\web\CBaseController.php(126): require('E:\Company_proj...')
#2 E:\Company_project\1life\lib\web\CBaseController.php(95): CBaseController->renderInternal('E:\Company_proj...', Array, true)
#3 E:\Company_project\1life\lib\web\widgets\CContentDecorator.php(76): CBaseController->renderFile('E:\Company_proj...', Array, true)
#4 E:\Company_project\1life\lib\web\widgets\CContentDecorator.php(54): CContentDecorator->decorate('<div id="conten...')
#5 E:\Company_project\1life\lib\web\widgets\COutputProcessor.php(44): CContentDecorator->processOutput('<div id="conten...')
#6 E:\Company_project\1life\lib\web\CBaseController.php(206): COutputProcessor->run()
#7 E:\Company_project\1life\lib\web\CBaseController.php(300): CBaseController->endWidget('CContentDecorat...')
#8 E:\Company_project\1life\admin\protected\views\layouts\column1.php(6): CBaseController->endContent()
#9 E:\Company_project\1life\lib\web\CBaseController.php(126): require('E:\Company_proj...')
#10 E:\Company_project\1life\lib\web\CBaseController.php(95): CBaseController->renderInternal('E:\Company_proj...', Array, true)
#11 E:\Company_project\1life\lib\web\CController.php(784): CBaseController->renderFile('E:\Company_proj...', Array, true)
#12 E:\Company_project\1life\admin\protected\controllers\SiteController.php(32): CController->render('index')
#13 E:\Company_project\1life\lib\web\actions\CInlineAction.php(49): SiteController->actionIndex()
#14 E:\Company_project\1life\lib\web\CController.php(308): CInlineAction->runWithParams(Array)
#15 E:\Company_project\1life\lib\web\CController.php(286): CController->runAction(Object(CInlineAction))
#16 E:\Company_project\1life\lib\web\CController.php(265): CController->runActionWithFilters(Object(CInlineAction), Array)
#17 E:\Company_project\1life\lib\web\CWebApplication.php(282): CController->run('')
#18 E:\Company_project\1life\lib\web\CWebApplication.php(141): CWebApplication->runController('')
#19 E:\Company_project\1life\lib\base\CApplication.php(169): CWebApplication->processRequest()
#20 E:\Company_project\1life\admin\index.php(13): CApplication->run()
#21 {main}
REQUEST_URI=/index.php
---
2013/07/29 03:41:26 [error] [exception.CException] exception 'CException' with message 'SiteController cannot find the requested view "site/menu_tree".' in E:\Company_project\1life\lib\web\CController.php:878
Stack trace:
#0 E:\Company_project\1life\admin\protected\views\layouts\main.php(44): CController->renderPartial('site/menu_tree', NULL, true)
#1 E:\Company_project\1life\lib\web\CBaseController.php(126): require('E:\Company_proj...')
#2 E:\Company_project\1life\lib\web\CBaseController.php(95): CBaseController->renderInternal('E:\Company_proj...', Array, true)
#3 E:\Company_project\1life\lib\web\widgets\CContentDecorator.php(76): CBaseController->renderFile('E:\Company_proj...', Array, true)
#4 E:\Company_project\1life\lib\web\widgets\CContentDecorator.php(54): CContentDecorator->decorate('<div id="conten...')
#5 E:\Company_project\1life\lib\web\widgets\COutputProcessor.php(44): CContentDecorator->processOutput('<div id="conten...')
#6 E:\Company_project\1life\lib\web\CBaseController.php(206): COutputProcessor->run()
#7 E:\Company_project\1life\lib\web\CBaseController.php(300): CBaseController->endWidget('CContentDecorat...')
#8 E:\Company_project\1life\admin\protected\views\layouts\column1.php(6): CBaseController->endContent()
#9 E:\Company_project\1life\lib\web\CBaseController.php(126): require('E:\Company_proj...')
#10 E:\Company_project\1life\lib\web\CBaseController.php(95): CBaseController->renderInternal('E:\Company_proj...', Array, true)
#11 E:\Company_project\1life\lib\web\CController.php(784): CBaseController->renderFile('E:\Company_proj...', Array, true)
#12 E:\Company_project\1life\admin\protected\controllers\SiteController.php(32): CController->render('index')
#13 E:\Company_project\1life\lib\web\actions\CInlineAction.php(49): SiteController->actionIndex()
#14 E:\Company_project\1life\lib\web\CController.php(308): CInlineAction->runWithParams(Array)
#15 E:\Company_project\1life\lib\web\CController.php(286): CController->runAction(Object(CInlineAction))
#16 E:\Company_project\1life\lib\web\CController.php(265): CController->runActionWithFilters(Object(CInlineAction), Array)
#17 E:\Company_project\1life\lib\web\CWebApplication.php(282): CController->run('')
#18 E:\Company_project\1life\lib\web\CWebApplication.php(141): CWebApplication->runController('')
#19 E:\Company_project\1life\lib\base\CApplication.php(169): CWebApplication->processRequest()
#20 E:\Company_project\1life\admin\index.php(13): CApplication->run()
#21 {main}
REQUEST_URI=/index.php
---
2013/07/29 03:44:01 [error] [exception.CException] exception 'CException' with message 'ArticlesController cannot find the requested view "_form".' in E:\Company_project\1life\lib\web\CController.php:878
Stack trace:
#0 E:\Company_project\1life\admin\protected\views\articles\create.php(2): CController->renderPartial('_form', Array)
#1 E:\Company_project\1life\lib\web\CBaseController.php(126): require('E:\Company_proj...')
#2 E:\Company_project\1life\lib\web\CBaseController.php(95): CBaseController->renderInternal('E:\Company_proj...', Array, true)
#3 E:\Company_project\1life\lib\web\CController.php(869): CBaseController->renderFile('E:\Company_proj...', Array, true)
#4 E:\Company_project\1life\lib\web\CController.php(782): CController->renderPartial('create', Array, true)
#5 E:\Company_project\1life\admin\protected\controllers\ArticlesController.php(19): CController->render('create', Array)
#6 E:\Company_project\1life\lib\web\actions\CInlineAction.php(49): ArticlesController->actionCreate()
#7 E:\Company_project\1life\lib\web\CController.php(308): CInlineAction->runWithParams(Array)
#8 E:\Company_project\1life\lib\web\CController.php(286): CController->runAction(Object(CInlineAction))
#9 E:\Company_project\1life\lib\web\CController.php(265): CController->runActionWithFilters(Object(CInlineAction), Array)
#10 E:\Company_project\1life\lib\web\CWebApplication.php(282): CController->run('create')
#11 E:\Company_project\1life\lib\web\CWebApplication.php(141): CWebApplication->runController('articles/create')
#12 E:\Company_project\1life\lib\base\CApplication.php(169): CWebApplication->processRequest()
#13 E:\Company_project\1life\admin\index.php(13): CApplication->run()
#14 {main}
REQUEST_URI=/index.php?r=articles/create&target=dialog
HTTP_REFERER=http://admin.1life.com/index.php
---
2013/07/29 03:44:26 [error] [exception.CException] exception 'CException' with message 'ArticlesController cannot find the requested view "menu_tree".' in E:\Company_project\1life\lib\web\CController.php:878
Stack trace:
#0 E:\Company_project\1life\admin\protected\views\layouts\main.php(44): CController->renderPartial('menu_tree', NULL, true)
#1 E:\Company_project\1life\lib\web\CBaseController.php(126): require('E:\Company_proj...')
#2 E:\Company_project\1life\lib\web\CBaseController.php(95): CBaseController->renderInternal('E:\Company_proj...', Array, true)
#3 E:\Company_project\1life\lib\web\CController.php(784): CBaseController->renderFile('E:\Company_proj...', Array, true)
#4 E:\Company_project\1life\admin\protected\controllers\ArticlesController.php(19): CController->render('create', Array)
#5 E:\Company_project\1life\lib\web\actions\CInlineAction.php(49): ArticlesController->actionCreate()
#6 E:\Company_project\1life\lib\web\CController.php(308): CInlineAction->runWithParams(Array)
#7 E:\Company_project\1life\lib\web\CController.php(286): CController->runAction(Object(CInlineAction))
#8 E:\Company_project\1life\lib\web\CController.php(265): CController->runActionWithFilters(Object(CInlineAction), Array)
#9 E:\Company_project\1life\lib\web\CWebApplication.php(282): CController->run('create')
#10 E:\Company_project\1life\lib\web\CWebApplication.php(141): CWebApplication->runController('articles/create')
#11 E:\Company_project\1life\lib\base\CApplication.php(169): CWebApplication->processRequest()
#12 E:\Company_project\1life\admin\index.php(13): CApplication->run()
#13 {main}
REQUEST_URI=/index.php?r=articles/create&target=dialog
HTTP_REFERER=http://admin.1life.com/index.php
---
2013/07/29 03:44:48 [error] [exception.CException] exception 'CException' with message 'ArticlesController cannot find the requested view "menu_tree".' in E:\Company_project\1life\lib\web\CController.php:878
Stack trace:
#0 E:\Company_project\1life\admin\protected\views\layouts\main.php(44): CController->renderPartial('menu_tree', NULL, true)
#1 E:\Company_project\1life\lib\web\CBaseController.php(126): require('E:\Company_proj...')
#2 E:\Company_project\1life\lib\web\CBaseController.php(95): CBaseController->renderInternal('E:\Company_proj...', Array, true)
#3 E:\Company_project\1life\lib\web\CController.php(784): CBaseController->renderFile('E:\Company_proj...', Array, true)
#4 E:\Company_project\1life\admin\protected\controllers\ArticlesController.php(19): CController->render('create', Array)
#5 E:\Company_project\1life\lib\web\actions\CInlineAction.php(49): ArticlesController->actionCreate()
#6 E:\Company_project\1life\lib\web\CController.php(308): CInlineAction->runWithParams(Array)
#7 E:\Company_project\1life\lib\web\CController.php(286): CController->runAction(Object(CInlineAction))
#8 E:\Company_project\1life\lib\web\CController.php(265): CController->runActionWithFilters(Object(CInlineAction), Array)
#9 E:\Company_project\1life\lib\web\CWebApplication.php(282): CController->run('create')
#10 E:\Company_project\1life\lib\web\CWebApplication.php(141): CWebApplication->runController('articles/create')
#11 E:\Company_project\1life\lib\base\CApplication.php(169): CWebApplication->processRequest()
#12 E:\Company_project\1life\admin\index.php(13): CApplication->run()
#13 {main}
REQUEST_URI=/index.php?r=articles/create&target=dialog
HTTP_REFERER=http://admin.1life.com/index.php
---
2013/07/29 03:47:38 [error] [exception.CException] exception 'CException' with message 'ArticlesController cannot find the requested view "menu_tree".' in E:\Company_project\1life\lib\web\CController.php:878
Stack trace:
#0 E:\Company_project\1life\admin\protected\views\layouts\main.php(44): CController->renderPartial('menu_tree', NULL, true)
#1 E:\Company_project\1life\lib\web\CBaseController.php(126): require('E:\Company_proj...')
#2 E:\Company_project\1life\lib\web\CBaseController.php(95): CBaseController->renderInternal('E:\Company_proj...', Array, true)
#3 E:\Company_project\1life\lib\web\CController.php(784): CBaseController->renderFile('E:\Company_proj...', Array, true)
#4 E:\Company_project\1life\admin\protected\controllers\ArticlesController.php(19): CController->render('create', Array)
#5 E:\Company_project\1life\lib\web\actions\CInlineAction.php(49): ArticlesController->actionCreate()
#6 E:\Company_project\1life\lib\web\CController.php(308): CInlineAction->runWithParams(Array)
#7 E:\Company_project\1life\lib\web\CController.php(286): CController->runAction(Object(CInlineAction))
#8 E:\Company_project\1life\lib\web\CController.php(265): CController->runActionWithFilters(Object(CInlineAction), Array)
#9 E:\Company_project\1life\lib\web\CWebApplication.php(282): CController->run('create')
#10 E:\Company_project\1life\lib\web\CWebApplication.php(141): CWebApplication->runController('articles/create')
#11 E:\Company_project\1life\lib\base\CApplication.php(169): CWebApplication->processRequest()
#12 E:\Company_project\1life\admin\index.php(13): CApplication->run()
#13 {main}
REQUEST_URI=/index.php?r=articles/create&target=navTab
HTTP_REFERER=http://admin.1life.com/index.php
---
2013/07/29 03:47:53 [error] [exception.CException] exception 'CException' with message 'ArticlesController cannot find the requested view "test".' in E:\Company_project\1life\lib\web\CController.php:878
Stack trace:
#0 E:\Company_project\1life\admin\protected\views\articles\index.php(18): CController->renderPartial('test', Array, true)
#1 E:\Company_project\1life\lib\web\CBaseController.php(126): require('E:\Company_proj...')
#2 E:\Company_project\1life\lib\web\CBaseController.php(95): CBaseController->renderInternal('E:\Company_proj...', NULL, true)
#3 E:\Company_project\1life\lib\web\CController.php(869): CBaseController->renderFile('E:\Company_proj...', NULL, true)
#4 E:\Company_project\1life\admin\protected\controllers\ArticlesController.php(9): CController->renderPartial('index')
#5 E:\Company_project\1life\lib\web\actions\CInlineAction.php(49): ArticlesController->actionIndex()
#6 E:\Company_project\1life\lib\web\CController.php(308): CInlineAction->runWithParams(Array)
#7 E:\Company_project\1life\lib\web\CController.php(286): CController->runAction(Object(CInlineAction))
#8 E:\Company_project\1life\lib\web\CController.php(265): CController->runActionWithFilters(Object(CInlineAction), Array)
#9 E:\Company_project\1life\lib\web\CWebApplication.php(282): CController->run('index')
#10 E:\Company_project\1life\lib\web\CWebApplication.php(141): CWebApplication->runController('articles/index')
#11 E:\Company_project\1life\lib\base\CApplication.php(169): CWebApplication->processRequest()
#12 E:\Company_project\1life\admin\index.php(13): CApplication->run()
#13 {main}
REQUEST_URI=/index.php?r=articles/index&target=navTab
HTTP_REFERER=http://admin.1life.com/index.php
---
2013/07/29 03:52:05 [error] [exception.CException] exception 'CException' with message 'ArticlesController cannot find the requested view "test".' in E:\Company_project\1life\lib\web\CController.php:878
Stack trace:
#0 E:\Company_project\1life\admin\protected\views\articles\index.php(18): CController->renderPartial('test', Array, true)
#1 E:\Company_project\1life\lib\web\CBaseController.php(126): require('E:\Company_proj...')
#2 E:\Company_project\1life\lib\web\CBaseController.php(95): CBaseController->renderInternal('E:\Company_proj...', NULL, true)
#3 E:\Company_project\1life\lib\web\CController.php(869): CBaseController->renderFile('E:\Company_proj...', NULL, true)
#4 E:\Company_project\1life\admin\protected\controllers\ArticlesController.php(9): CController->renderPartial('index')
#5 E:\Company_project\1life\lib\web\actions\CInlineAction.php(49): ArticlesController->actionIndex()
#6 E:\Company_project\1life\lib\web\CController.php(308): CInlineAction->runWithParams(Array)
#7 E:\Company_project\1life\lib\web\CController.php(286): CController->runAction(Object(CInlineAction))
#8 E:\Company_project\1life\lib\web\CController.php(265): CController->runActionWithFilters(Object(CInlineAction), Array)
#9 E:\Company_project\1life\lib\web\CWebApplication.php(282): CController->run('index')
#10 E:\Company_project\1life\lib\web\CWebApplication.php(141): CWebApplication->runController('articles/index')
#11 E:\Company_project\1life\lib\base\CApplication.php(169): CWebApplication->processRequest()
#12 E:\Company_project\1life\admin\index.php(13): CApplication->run()
#13 {main}
REQUEST_URI=/index.php?r=articles/index&target=navTab
HTTP_REFERER=http://admin.1life.com/index.php
---
2013/07/29 05:28:33 [error] [exception.CHttpException.404] exception 'CHttpException' with message 'Unable to resolve the request "admin/tmtype/create".' in E:\Company_project\1life\lib\web\CWebApplication.php:286
Stack trace:
#0 E:\Company_project\1life\lib\web\CWebApplication.php(141): CWebApplication->runController('admin/tmtype/cr...')
#1 E:\Company_project\1life\lib\base\CApplication.php(169): CWebApplication->processRequest()
#2 E:\Company_project\1life\admin\index.php(13): CApplication->run()
#3 {main}
REQUEST_URI=/index.php?r=admin/tmtype/create&target=navTab
HTTP_REFERER=http://admin.1life.com/index.php
---
2013/07/29 06:30:06 [error] [exception.CHttpException.404] exception 'CHttpException' with message 'Unable to resolve the request "images/logo.png".' in E:\Company_project\1life\lib\web\CWebApplication.php:286
Stack trace:
#0 E:\Company_project\1life\lib\web\CWebApplication.php(141): CWebApplication->runController('images/logo.png')
#1 E:\Company_project\1life\lib\base\CApplication.php(169): CWebApplication->processRequest()
#2 E:\Company_project\1life\admin\index.php(13): CApplication->run()
#3 {main}
REQUEST_URI=/images/logo.png
HTTP_REFERER=http://admin.1life.com/
---
2013/07/29 06:31:29 [error] [exception.CHttpException.404] exception 'CHttpException' with message 'Unable to resolve the request "index/index".' in E:\Company_project\1life\lib\web\CWebApplication.php:286
Stack trace:
#0 E:\Company_project\1life\lib\web\CWebApplication.php(141): CWebApplication->runController('index/index')
#1 E:\Company_project\1life\lib\base\CApplication.php(169): CWebApplication->processRequest()
#2 E:\Company_project\1life\admin\index.php(13): CApplication->run()
#3 {main}
REQUEST_URI=/
---
2013/07/29 06:31:29 [error] [exception.CHttpException.404] exception 'CHttpException' with message 'Unable to resolve the request "images/logo.png".' in E:\Company_project\1life\lib\web\CWebApplication.php:286
Stack trace:
#0 E:\Company_project\1life\lib\web\CWebApplication.php(141): CWebApplication->runController('images/logo.png')
#1 E:\Company_project\1life\lib\base\CApplication.php(169): CWebApplication->processRequest()
#2 E:\Company_project\1life\admin\index.php(13): CApplication->run()
#3 {main}
REQUEST_URI=/images/logo.png
HTTP_REFERER=http://admin.1life.com/
---
2013/07/29 06:31:29 [error] [exception.CHttpException.404] exception 'CHttpException' with message 'Unable to resolve the request "images/logo.png".' in E:\Company_project\1life\lib\web\CWebApplication.php:286
Stack trace:
#0 E:\Company_project\1life\lib\web\CWebApplication.php(141): CWebApplication->runController('images/logo.png')
#1 E:\Company_project\1life\lib\base\CApplication.php(169): CWebApplication->processRequest()
#2 E:\Company_project\1life\admin\index.php(13): CApplication->run()
#3 {main}
REQUEST_URI=/images/logo.png
HTTP_REFERER=http://admin.1life.com/
---
2013/07/29 06:41:00 [error] [exception.CHttpException.404] exception 'CHttpException' with message 'Unable to resolve the request "index/index".' in E:\Company_project\1life\lib\web\CWebApplication.php:286
Stack trace:
#0 E:\Company_project\1life\lib\web\CWebApplication.php(141): CWebApplication->runController('index/index')
#1 E:\Company_project\1life\lib\base\CApplication.php(169): CWebApplication->processRequest()
#2 E:\Company_project\1life\admin\index.php(13): CApplication->run()
#3 {main}
REQUEST_URI=/
---
2013/07/29 06:41:00 [error] [exception.CHttpException.404] exception 'CHttpException' with message 'Unable to resolve the request "images/logo.png".' in E:\Company_project\1life\lib\web\CWebApplication.php:286
Stack trace:
#0 E:\Company_project\1life\lib\web\CWebApplication.php(141): CWebApplication->runController('images/logo.png')
#1 E:\Company_project\1life\lib\base\CApplication.php(169): CWebApplication->processRequest()
#2 E:\Company_project\1life\admin\index.php(13): CApplication->run()
#3 {main}
REQUEST_URI=/images/logo.png
HTTP_REFERER=http://admin.1life.com/
---
2013/07/29 06:41:40 [error] [exception.CHttpException.404] exception 'CHttpException' with message 'Unable to resolve the request "index/index".' in E:\Company_project\1life\lib\web\CWebApplication.php:286
Stack trace:
#0 E:\Company_project\1life\lib\web\CWebApplication.php(141): CWebApplication->runController('index/index')
#1 E:\Company_project\1life\lib\base\CApplication.php(169): CWebApplication->processRequest()
#2 E:\Company_project\1life\admin\index.php(13): CApplication->run()
#3 {main}
REQUEST_URI=/
---
2013/07/29 06:41:40 [error] [exception.CHttpException.404] exception 'CHttpException' with message 'Unable to resolve the request "images/logo.png".' in E:\Company_project\1life\lib\web\CWebApplication.php:286
Stack trace:
#0 E:\Company_project\1life\lib\web\CWebApplication.php(141): CWebApplication->runController('images/logo.png')
#1 E:\Company_project\1life\lib\base\CApplication.php(169): CWebApplication->processRequest()
#2 E:\Company_project\1life\admin\index.php(13): CApplication->run()
#3 {main}
REQUEST_URI=/images/logo.png
HTTP_REFERER=http://admin.1life.com/
---
2013/07/29 06:54:08 [error] [exception.CHttpException.404] exception 'CHttpException' with message 'Unable to resolve the request "index/index".' in E:\Company_project\1life\lib\web\CWebApplication.php:286
Stack trace:
#0 E:\Company_project\1life\lib\web\CWebApplication.php(141): CWebApplication->runController('index/index')
#1 E:\Company_project\1life\lib\base\CApplication.php(169): CWebApplication->processRequest()
#2 E:\Company_project\1life\admin\index.php(13): CApplication->run()
#3 {main}
REQUEST_URI=/
---
2013/07/29 06:54:08 [error] [exception.CHttpException.404] exception 'CHttpException' with message 'Unable to resolve the request "images/logo.png".' in E:\Company_project\1life\lib\web\CWebApplication.php:286
Stack trace:
#0 E:\Company_project\1life\lib\web\CWebApplication.php(141): CWebApplication->runController('images/logo.png')
#1 E:\Company_project\1life\lib\base\CApplication.php(169): CWebApplication->processRequest()
#2 E:\Company_project\1life\admin\index.php(13): CApplication->run()
#3 {main}
REQUEST_URI=/images/logo.png
HTTP_REFERER=http://admin.1life.com/
---
2013/07/29 06:54:12 [error] [exception.CHttpException.404] exception 'CHttpException' with message 'Unable to resolve the request "changepwd.html".' in E:\Company_project\1life\lib\web\CWebApplication.php:286
Stack trace:
#0 E:\Company_project\1life\lib\web\CWebApplication.php(141): CWebApplication->runController('changepwd.html')
#1 E:\Company_project\1life\lib\base\CApplication.php(169): CWebApplication->processRequest()
#2 E:\Company_project\1life\admin\index.php(13): CApplication->run()
#3 {main}
REQUEST_URI=/changepwd.html?target=dialog
HTTP_REFERER=http://admin.1life.com/
---
2013/07/30 01:25:21 [error] [exception.CHttpException.404] exception 'CHttpException' with message 'Unable to resolve the request "index/index".' in E:\Company_project\1life\lib\web\CWebApplication.php:286
Stack trace:
#0 E:\Company_project\1life\lib\web\CWebApplication.php(141): CWebApplication->runController('index/index')
#1 E:\Company_project\1life\lib\base\CApplication.php(169): CWebApplication->processRequest()
#2 E:\Company_project\1life\admin\index.php(13): CApplication->run()
#3 {main}
REQUEST_URI=/
---
2013/07/30 01:25:22 [error] [exception.CHttpException.404] exception 'CHttpException' with message 'Unable to resolve the request "images/logo.png".' in E:\Company_project\1life\lib\web\CWebApplication.php:286
Stack trace:
#0 E:\Company_project\1life\lib\web\CWebApplication.php(141): CWebApplication->runController('images/logo.png')
#1 E:\Company_project\1life\lib\base\CApplication.php(169): CWebApplication->processRequest()
#2 E:\Company_project\1life\admin\index.php(13): CApplication->run()
#3 {main}
REQUEST_URI=/images/logo.png
HTTP_REFERER=http://admin.1life.com/
---
2013/07/30 01:25:22 [error] [exception.CHttpException.404] exception 'CHttpException' with message 'Unable to resolve the request "images/logo.png".' in E:\Company_project\1life\lib\web\CWebApplication.php:286
Stack trace:
#0 E:\Company_project\1life\lib\web\CWebApplication.php(141): CWebApplication->runController('images/logo.png')
#1 E:\Company_project\1life\lib\base\CApplication.php(169): CWebApplication->processRequest()
#2 E:\Company_project\1life\admin\index.php(13): CApplication->run()
#3 {main}
REQUEST_URI=/images/logo.png
HTTP_REFERER=http://admin.1life.com/
---
2013/07/30 01:25:22 [error] [exception.CHttpException.404] exception 'CHttpException' with message 'Unable to resolve the request "favicon.ico".' in E:\Company_project\1life\lib\web\CWebApplication.php:286
Stack trace:
#0 E:\Company_project\1life\lib\web\CWebApplication.php(141): CWebApplication->runController('favicon.ico')
#1 E:\Company_project\1life\lib\base\CApplication.php(169): CWebApplication->processRequest()
#2 E:\Company_project\1life\admin\index.php(13): CApplication->run()
#3 {main}
REQUEST_URI=/favicon.ico
---
2013/07/30 01:25:22 [error] [exception.CHttpException.404] exception 'CHttpException' with message 'Unable to resolve the request "favicon.ico".' in E:\Company_project\1life\lib\web\CWebApplication.php:286
Stack trace:
#0 E:\Company_project\1life\lib\web\CWebApplication.php(141): CWebApplication->runController('favicon.ico')
#1 E:\Company_project\1life\lib\base\CApplication.php(169): CWebApplication->processRequest()
#2 E:\Company_project\1life\admin\index.php(13): CApplication->run()
#3 {main}
REQUEST_URI=/favicon.ico
---
2013/07/30 01:25:22 [error] [exception.CHttpException.404] exception 'CHttpException' with message 'Unable to resolve the request "favicon.ico".' in E:\Company_project\1life\lib\web\CWebApplication.php:286
Stack trace:
#0 E:\Company_project\1life\lib\web\CWebApplication.php(141): CWebApplication->runController('favicon.ico')
#1 E:\Company_project\1life\lib\base\CApplication.php(169): CWebApplication->processRequest()
#2 E:\Company_project\1life\admin\index.php(13): CApplication->run()
#3 {main}
REQUEST_URI=/favicon.ico
---
2013/08/12 01:16:06 [error] [exception.CHttpException.404] exception 'CHttpException' with message 'Unable to resolve the request "index/index".' in E:\Company_project\1life\lib\web\CWebApplication.php:286
Stack trace:
#0 E:\Company_project\1life\lib\web\CWebApplication.php(141): CWebApplication->runController('index/index')
#1 E:\Company_project\1life\lib\base\CApplication.php(169): CWebApplication->processRequest()
#2 E:\Company_project\1life\admin\index.php(13): CApplication->run()
#3 {main}
REQUEST_URI=/
---
2013/08/12 01:16:07 [error] [exception.CHttpException.404] exception 'CHttpException' with message 'Unable to resolve the request "images/logo.png".' in E:\Company_project\1life\lib\web\CWebApplication.php:286
Stack trace:
#0 E:\Company_project\1life\lib\web\CWebApplication.php(141): CWebApplication->runController('images/logo.png')
#1 E:\Company_project\1life\lib\base\CApplication.php(169): CWebApplication->processRequest()
#2 E:\Company_project\1life\admin\index.php(13): CApplication->run()
#3 {main}
REQUEST_URI=/images/logo.png
HTTP_REFERER=http://admin.1life.com/
---
2013/08/12 01:16:08 [error] [exception.CHttpException.404] exception 'CHttpException' with message 'Unable to resolve the request "favicon.ico".' in E:\Company_project\1life\lib\web\CWebApplication.php:286
Stack trace:
#0 E:\Company_project\1life\lib\web\CWebApplication.php(141): CWebApplication->runController('favicon.ico')
#1 E:\Company_project\1life\lib\base\CApplication.php(169): CWebApplication->processRequest()
#2 E:\Company_project\1life\admin\index.php(13): CApplication->run()
#3 {main}
REQUEST_URI=/favicon.ico
---
2013/08/12 01:16:08 [error] [exception.CHttpException.404] exception 'CHttpException' with message 'Unable to resolve the request "favicon.ico".' in E:\Company_project\1life\lib\web\CWebApplication.php:286
Stack trace:
#0 E:\Company_project\1life\lib\web\CWebApplication.php(141): CWebApplication->runController('favicon.ico')
#1 E:\Company_project\1life\lib\base\CApplication.php(169): CWebApplication->processRequest()
#2 E:\Company_project\1life\admin\index.php(13): CApplication->run()
#3 {main}
REQUEST_URI=/favicon.ico
---
2013/08/12 01:16:08 [error] [exception.CHttpException.404] exception 'CHttpException' with message 'Unable to resolve the request "favicon.ico".' in E:\Company_project\1life\lib\web\CWebApplication.php:286
Stack trace:
#0 E:\Company_project\1life\lib\web\CWebApplication.php(141): CWebApplication->runController('favicon.ico')
#1 E:\Company_project\1life\lib\base\CApplication.php(169): CWebApplication->processRequest()
#2 E:\Company_project\1life\admin\index.php(13): CApplication->run()
#3 {main}
REQUEST_URI=/favicon.ico
---
2013/08/13 06:18:22 [error] [exception.CHttpException.404] exception 'CHttpException' with message 'Unable to resolve the request "index/index".' in E:\wwwroot\blog\lib\web\CWebApplication.php:286
Stack trace:
#0 E:\wwwroot\blog\lib\web\CWebApplication.php(141): CWebApplication->runController('index/index')
#1 E:\wwwroot\blog\lib\base\CApplication.php(169): CWebApplication->processRequest()
#2 E:\wwwroot\blog\admin\index.php(13): CApplication->run()
#3 {main}
REQUEST_URI=/
---
2013/08/13 06:18:23 [error] [exception.CHttpException.404] exception 'CHttpException' with message 'Unable to resolve the request "images/logo.png".' in E:\wwwroot\blog\lib\web\CWebApplication.php:286
Stack trace:
#0 E:\wwwroot\blog\lib\web\CWebApplication.php(141): CWebApplication->runController('images/logo.png')
#1 E:\wwwroot\blog\lib\base\CApplication.php(169): CWebApplication->processRequest()
#2 E:\wwwroot\blog\admin\index.php(13): CApplication->run()
#3 {main}
REQUEST_URI=/images/logo.png
HTTP_REFERER=http://blog.com/
---
2013/08/13 06:27:06 [error] [exception.CHttpException.404] exception 'CHttpException' with message 'Unable to resolve the request "index/index".' in E:\wwwroot\blog\lib\web\CWebApplication.php:286
Stack trace:
#0 E:\wwwroot\blog\lib\web\CWebApplication.php(141): CWebApplication->runController('index/index')
#1 E:\wwwroot\blog\lib\base\CApplication.php(169): CWebApplication->processRequest()
#2 E:\wwwroot\blog\admin\index.php(13): CApplication->run()
#3 {main}
REQUEST_URI=/admin/
---
2013/08/13 06:27:10 [error] [exception.CHttpException.404] exception 'CHttpException' with message 'Unable to resolve the request "admin/tmtype/create".' in E:\wwwroot\blog\lib\web\CWebApplication.php:286
Stack trace:
#0 E:\wwwroot\blog\lib\web\CWebApplication.php(141): CWebApplication->runController('admin/tmtype/cr...')
#1 E:\wwwroot\blog\lib\base\CApplication.php(169): CWebApplication->processRequest()
#2 E:\wwwroot\blog\admin\index.php(13): CApplication->run()
#3 {main}
REQUEST_URI=/admin/admin/tmtype/create?target=navTab
HTTP_REFERER=http://blog.com/admin/
---
2013/08/14 03:43:13 [error] [exception.CHttpException.404] exception 'CHttpException' with message 'Unable to resolve the request "index/index".' in E:\wwwroot\blog\lib\web\CWebApplication.php:286
Stack trace:
#0 E:\wwwroot\blog\lib\web\CWebApplication.php(141): CWebApplication->runController('index/index')
#1 E:\wwwroot\blog\lib\base\CApplication.php(169): CWebApplication->processRequest()
#2 E:\wwwroot\blog\admin\index.php(13): CApplication->run()
#3 {main}
REQUEST_URI=/admin/
---
2013/10/29 12:37:38 [error] [exception.CHttpException.404] exception 'CHttpException' with message 'Unable to resolve the request "index/index".' in E:\www\blog\lib\web\CWebApplication.php:286
Stack trace:
#0 E:\www\blog\lib\web\CWebApplication.php(141): CWebApplication->runController('index/index')
#1 E:\www\blog\lib\base\CApplication.php(169): CWebApplication->processRequest()
#2 E:\www\blog\admin\index.php(13): CApplication->run()
#3 {main}
REQUEST_URI=/
---
